e:\dev\rtklib\thesis\debug\vc140.pdb
e:\dev\rtklib\thesis\debug\vc140.idb
e:\dev\rtklib\thesis\debug\septentrio.obj
e:\dev\rtklib\thesis\debug\skytraq.obj
e:\dev\rtklib\thesis\debug\ss2.obj
e:\dev\rtklib\thesis\debug\tersus.obj
e:\dev\rtklib\thesis\debug\ublox.obj
e:\dev\rtklib\thesis\debug\rinex.obj
e:\dev\rtklib\thesis\debug\rnx2rtkp.obj
e:\dev\rtklib\thesis\debug\rtcm.obj
e:\dev\rtklib\thesis\debug\rtcm2.obj
e:\dev\rtklib\thesis\debug\rtcm3.obj
e:\dev\rtklib\thesis\debug\rtcm3e.obj
e:\dev\rtklib\thesis\debug\rtkcmn.obj
e:\dev\rtklib\thesis\debug\rtkpos.obj
e:\dev\rtklib\thesis\debug\rtksvr.obj
e:\dev\rtklib\thesis\debug\sbas.obj
e:\dev\rtklib\thesis\debug\solution.obj
e:\dev\rtklib\thesis\debug\stream.obj
e:\dev\rtklib\thesis\debug\streamsvr.obj
e:\dev\rtklib\thesis\debug\tides.obj
e:\dev\rtklib\thesis\debug\tle.obj
e:\dev\rtklib\thesis\debug\ionex.obj
e:\dev\rtklib\thesis\debug\lambda.obj
e:\dev\rtklib\thesis\debug\options.obj
e:\dev\rtklib\thesis\debug\pntpos.obj
e:\dev\rtklib\thesis\debug\postpos.obj
e:\dev\rtklib\thesis\debug\ppp.obj
e:\dev\rtklib\thesis\debug\ppp_ar.obj
e:\dev\rtklib\thesis\debug\ppp_corr.obj
e:\dev\rtklib\thesis\debug\preceph.obj
e:\dev\rtklib\thesis\debug\qzslex.obj
e:\dev\rtklib\thesis\debug\rcvraw.obj
e:\dev\rtklib\thesis\debug\binex.obj
e:\dev\rtklib\thesis\debug\cmr.obj
e:\dev\rtklib\thesis\debug\crescent.obj
e:\dev\rtklib\thesis\debug\gw10.obj
e:\dev\rtklib\thesis\debug\javad.obj
e:\dev\rtklib\thesis\debug\novatel.obj
e:\dev\rtklib\thesis\debug\nvs.obj
e:\dev\rtklib\thesis\debug\rcvlex.obj
e:\dev\rtklib\thesis\debug\rt17.obj
e:\dev\rtklib\thesis\debug\convgpx.obj
e:\dev\rtklib\thesis\debug\convkml.obj
e:\dev\rtklib\thesis\debug\convrnx.obj
e:\dev\rtklib\thesis\debug\datum.obj
e:\dev\rtklib\thesis\debug\download.obj
e:\dev\rtklib\thesis\debug\ephemeris.obj
e:\dev\rtklib\thesis\debug\geoid.obj
e:\dev\rtklib\thesis\debug\gis.obj
e:\dev\rtklib\thesis\debug\thesis.ilk
e:\dev\rtklib\thesis\debug\thesis.dll
e:\dev\rtklib\thesis\debug\thesis.pdb
e:\dev\rtklib\thesis\debug\thesis.tlog\cl.command.1.tlog
e:\dev\rtklib\thesis\debug\thesis.tlog\cl.read.1.tlog
e:\dev\rtklib\thesis\debug\thesis.tlog\cl.write.1.tlog
e:\dev\rtklib\thesis\debug\thesis.tlog\link.command.1.tlog
e:\dev\rtklib\thesis\debug\thesis.tlog\link.read.1.tlog
e:\dev\rtklib\thesis\debug\thesis.tlog\link.write.1.tlog
