C:\Program Files (x86)\MSBuild\Microsoft.Cpp\v4.0\V140\Microsoft.CppBuild.targets(392,5): warning MSB8028: The intermediate directory (Debug\) contains files shared from another project (thesis.vcxproj).  This can lead to incorrect clean and rebuild behavior.
thesis.lib(ephemeris.obj) : warning LNK4099: PDB 'thesis.pdb' was not found with 'thesis.lib(ephemeris.obj)' or at 'E:\dev\rtklib\thesis\Debug\thesis.pdb'; linking object as if no debug info
thesis.lib(ionex.obj) : warning LNK4099: PDB 'thesis.pdb' was not found with 'thesis.lib(ionex.obj)' or at 'E:\dev\rtklib\thesis\Debug\thesis.pdb'; linking object as if no debug info
thesis.lib(lambda.obj) : warning LNK4099: PDB 'thesis.pdb' was not found with 'thesis.lib(lambda.obj)' or at 'E:\dev\rtklib\thesis\Debug\thesis.pdb'; linking object as if no debug info
thesis.lib(pntpos.obj) : warning LNK4099: PDB 'thesis.pdb' was not found with 'thesis.lib(pntpos.obj)' or at 'E:\dev\rtklib\thesis\Debug\thesis.pdb'; linking object as if no debug info
thesis.lib(ppp.obj) : warning LNK4099: PDB 'thesis.pdb' was not found with 'thesis.lib(ppp.obj)' or at 'E:\dev\rtklib\thesis\Debug\thesis.pdb'; linking object as if no debug info
thesis.lib(ppp_ar.obj) : warning LNK4099: PDB 'thesis.pdb' was not found with 'thesis.lib(ppp_ar.obj)' or at 'E:\dev\rtklib\thesis\Debug\thesis.pdb'; linking object as if no debug info
thesis.lib(ppp_corr.obj) : warning LNK4099: PDB 'thesis.pdb' was not found with 'thesis.lib(ppp_corr.obj)' or at 'E:\dev\rtklib\thesis\Debug\thesis.pdb'; linking object as if no debug info
thesis.lib(preceph.obj) : warning LNK4099: PDB 'thesis.pdb' was not found with 'thesis.lib(preceph.obj)' or at 'E:\dev\rtklib\thesis\Debug\thesis.pdb'; linking object as if no debug info
thesis.lib(qzslex.obj) : warning LNK4099: PDB 'thesis.pdb' was not found with 'thesis.lib(qzslex.obj)' or at 'E:\dev\rtklib\thesis\Debug\thesis.pdb'; linking object as if no debug info
thesis.lib(rinex.obj) : warning LNK4099: PDB 'thesis.pdb' was not found with 'thesis.lib(rinex.obj)' or at 'E:\dev\rtklib\thesis\Debug\thesis.pdb'; linking object as if no debug info
thesis.lib(rtcm.obj) : warning LNK4099: PDB 'thesis.pdb' was not found with 'thesis.lib(rtcm.obj)' or at 'E:\dev\rtklib\thesis\Debug\thesis.pdb'; linking object as if no debug info
thesis.lib(rtcm2.obj) : warning LNK4099: PDB 'thesis.pdb' was not found with 'thesis.lib(rtcm2.obj)' or at 'E:\dev\rtklib\thesis\Debug\thesis.pdb'; linking object as if no debug info
thesis.lib(rtcm3.obj) : warning LNK4099: PDB 'thesis.pdb' was not found with 'thesis.lib(rtcm3.obj)' or at 'E:\dev\rtklib\thesis\Debug\thesis.pdb'; linking object as if no debug info
thesis.lib(rtcm3e.obj) : warning LNK4099: PDB 'thesis.pdb' was not found with 'thesis.lib(rtcm3e.obj)' or at 'E:\dev\rtklib\thesis\Debug\thesis.pdb'; linking object as if no debug info
thesis.lib(rtkcmn.obj) : warning LNK4099: PDB 'thesis.pdb' was not found with 'thesis.lib(rtkcmn.obj)' or at 'E:\dev\rtklib\thesis\Debug\thesis.pdb'; linking object as if no debug info
thesis.lib(rtkpos.obj) : warning LNK4099: PDB 'thesis.pdb' was not found with 'thesis.lib(rtkpos.obj)' or at 'E:\dev\rtklib\thesis\Debug\thesis.pdb'; linking object as if no debug info
thesis.lib(sbas.obj) : warning LNK4099: PDB 'thesis.pdb' was not found with 'thesis.lib(sbas.obj)' or at 'E:\dev\rtklib\thesis\Debug\thesis.pdb'; linking object as if no debug info
thesis.lib(tides.obj) : warning LNK4099: PDB 'thesis.pdb' was not found with 'thesis.lib(tides.obj)' or at 'E:\dev\rtklib\thesis\Debug\thesis.pdb'; linking object as if no debug info
  rtk_main.vcxproj -> E:\dev\rtklib\thesis\Debug\rtk_main.exe
  rtk_main.vcxproj -> E:\dev\rtklib\thesis\Debug\rtk_main.pdb (Full PDB)
